<?xml version="1.0" encoding="UTF-8"?>
<!-- Generated by org.testng.reporters.JUnitXMLReporter -->
<testsuite hostname="L1017524" failures="0" tests="0" name="Test" time="0.318" errors="0" timestamp="15 Feb 2021 12:16:24 GMT">
  <testcase classname="com.cucumber.testrunner.TestRunner" name="@BeforeClass setUpClass" time="0.0">
    <failure type="java.lang.IllegalArgumentException" message="The plugin specification &amp;apos;com.cucumber.listener.ExtentCucumberFormatter:target/cucumber-reports/report.html&amp;apos; has a problem:

&amp;apos;com.cucumber.listener.ExtentCucumberFormatter&amp;apos; does not implement &amp;apos;io.cucumber.plugin.Plugin&amp;apos;.

Plugin specifications should have the format of PLUGIN[:[PATH|[URI [OPTIONS]]]

Valid values for PLUGIN are: default_summary, html, json, junit, message, null_summary, pretty, progress, rerun, summary, teamcity, testng, timeline, unused, usage

PLUGIN can also be a fully qualified class name, allowing registration of 3rd party plugins. The 3rd party plugin must implement io.cucumber.plugin.Plugin">
      <![CDATA[java.lang.IllegalArgumentException: The plugin specification 'com.cucumber.listener.ExtentCucumberFormatter:target/cucumber-reports/report.html' has a problem:

'com.cucumber.listener.ExtentCucumberFormatter' does not implement 'io.cucumber.plugin.Plugin'.

Plugin specifications should have the format of PLUGIN[:[PATH|[URI [OPTIONS]]]

Valid values for PLUGIN are: default_summary, html, json, junit, message, null_summary, pretty, progress, rerun, summary, teamcity, testng, timeline, unused, usage

PLUGIN can also be a fully qualified class name, allowing registration of 3rd party plugins. The 3rd party plugin must implement io.cucumber.plugin.Plugin
	at io.cucumber.core.options.PluginOption.createClassDoesNotImplementPlugin(PluginOption.java:159)
	at io.cucumber.core.options.PluginOption.parsePluginName(PluginOption.java:144)
	at io.cucumber.core.options.PluginOption.parse(PluginOption.java:105)
	at io.cucumber.core.options.RuntimeOptionsBuilder.addPluginName(RuntimeOptionsBuilder.java:68)
	at io.cucumber.core.options.CucumberOptionsAnnotationParser.addPlugins(CucumberOptionsAnnotationParser.java:87)
	at io.cucumber.core.options.CucumberOptionsAnnotationParser.parse(CucumberOptionsAnnotationParser.java:41)
	at io.cucumber.testng.TestNGCucumberRunner.<init>(TestNGCucumberRunner.java:73)
	at io.cucumber.testng.AbstractTestNGCucumberTests.setUpClass(AbstractTestNGCucumberTests.java:23)
... Removed 24 stack frames]]>
    </failure>
  </testcase> <!-- @BeforeClass setUpClass -->
</testsuite> <!-- Test -->
